2023-10-15 15:23:41,230	[INFO]	(client.py:159)_bot_login	[botpy] 登录机器人账号中...
2023-10-15 15:23:42,114	[INFO]	(client.py:178)_bot_init	[botpy] 程序启动...
2023-10-15 15:23:42,115	[INFO]	(connection.py:59)multi_run	[botpy] 最大并发连接数: 1, 启动会话数: 1
2023-10-15 15:23:42,115	[INFO]	(client.py:236)bot_connect	[botpy] 会话启动中...
2023-10-15 15:23:42,115	[INFO]	(gateway.py:110)ws_connect	[botpy] 启动中...
2023-10-15 15:23:42,289	[INFO]	(gateway.py:136)ws_identify	[botpy] 鉴权中...
2023-10-15 15:23:42,386	[INFO]	(gateway.py:80)on_message	[botpy] 机器人「就是个工具人-测试中」启动成功！
2023-10-15 15:23:42,387	[INFO]	(gateway.py:217)_send_heart	[botpy] 心跳维持启动...
2023-10-15 15:26:32,926	[INFO]	(client.py:159)_bot_login	[botpy] 登录机器人账号中...
2023-10-15 15:26:33,441	[INFO]	(client.py:178)_bot_init	[botpy] 程序启动...
2023-10-15 15:26:33,442	[INFO]	(connection.py:59)multi_run	[botpy] 最大并发连接数: 1, 启动会话数: 1
2023-10-15 15:26:33,442	[INFO]	(client.py:236)bot_connect	[botpy] 会话启动中...
2023-10-15 15:26:33,442	[INFO]	(gateway.py:110)ws_connect	[botpy] 启动中...
2023-10-15 15:26:33,603	[INFO]	(gateway.py:136)ws_identify	[botpy] 鉴权中...
2023-10-15 15:26:33,723	[INFO]	(gateway.py:80)on_message	[botpy] 机器人「就是个工具人-测试中」启动成功！
2023-10-15 15:26:33,724	[INFO]	(gateway.py:217)_send_heart	[botpy] 心跳维持启动...
2023-10-15 15:43:52,101	[INFO]	(client.py:159)_bot_login	[botpy] 登录机器人账号中...
2023-10-15 15:43:52,591	[INFO]	(client.py:178)_bot_init	[botpy] 程序启动...
2023-10-15 15:43:52,591	[INFO]	(connection.py:59)multi_run	[botpy] 最大并发连接数: 1, 启动会话数: 1
2023-10-15 15:43:52,592	[INFO]	(client.py:236)bot_connect	[botpy] 会话启动中...
2023-10-15 15:43:52,592	[INFO]	(gateway.py:110)ws_connect	[botpy] 启动中...
2023-10-15 15:43:52,749	[INFO]	(gateway.py:136)ws_identify	[botpy] 鉴权中...
2023-10-15 15:43:52,845	[INFO]	(gateway.py:80)on_message	[botpy] 机器人「就是个工具人-测试中」启动成功！
2023-10-15 15:43:52,845	[INFO]	(gateway.py:217)_send_heart	[botpy] 心跳维持启动...
